#
# There is insufficient memory for the Java Runtime Environment to continue.
# Native memory allocation (malloc) failed to allocate 1810528 bytes. Error detail: Chunk::new
# Possible reasons:
#   The system is out of physical RAM or swap space
#   This process is running with CompressedOops enabled, and the Java Heap may be blocking the growth of the native heap
# Possible solutions:
#   Reduce memory load on the system
#   Increase physical memory or swap space
#   Check if swap backing store is full
#   Decrease Java heap size (-Xmx/-Xms)
#   Decrease number of Java threads
#   Decrease Java thread stack sizes (-Xss)
#   Set larger code cache with -XX:ReservedCodeCacheSize=
#   JVM is running with Unscaled Compressed Oops mode in which the Java heap is
#     placed in the first 4GB address space. The Java Heap base address is the
#     maximum limit for the native heap growth. Please use -XX:HeapBaseMinAddress
#     to set the Java Heap base and to place the Java Heap above 4GB virtual address.
# This output file may be truncated or incomplete.
#
#  Out of Memory Error (arena.cpp:168), pid=12676, tid=15416
#
# JRE version: OpenJDK Runtime Environment Temurin-21.0.10+7 (21.0.10+7) (build 21.0.10+7-LTS)
# Java VM: OpenJDK 64-Bit Server VM Temurin-21.0.10+7 (21.0.10+7-LTS, mixed mode, sharing, tiered, compressed oops, compressed class ptrs, parallel gc, windows-amd64)
# No core dump will be written. Minidumps are not enabled by default on client versions of Windows
#

---------------  S U M M A R Y ------------

Command Line: --add-modules=ALL-SYSTEM --add-opens=java.base/java.util=ALL-UNNAMED --add-opens=java.base/java.lang=ALL-UNNAMED --add-opens=java.base/sun.nio.fs=ALL-UNNAMED -Declipse.application=org.eclipse.jdt.ls.core.id1 -Dosgi.bundles.defaultStartLevel=4 -Declipse.product=org.eclipse.jdt.ls.core.product -Djava.import.generatesMetadataFilesAtProjectRoot=false -DDetectVMInstallationsJob.disabled=true -Dfile.encoding=utf8 -XX:+UseParallelGC -XX:GCTimeRatio=4 -XX:AdaptiveSizePolicyWeight=90 -Dsun.zip.disableMemoryMapping=true -Xmx2G -Xms100m -Xlog:disable -javaagent:c:\Users\91817\.vscode\extensions\redhat.java-1.54.0-win32-x64\lombok\lombok-1.18.39-4050.jar c:\Users\91817\.vscode\extensions\redhat.java-1.54.0-win32-x64\server\plugins\org.eclipse.equinox.launcher_1.7.100.v20251111-0406.jar -configuration c:\Users\91817\AppData\Roaming\Code\User\globalStorage\redhat.java\1.54.0\config_ss_win -data c:\Users\91817\AppData\Roaming\Code\User\workspaceStorage\6601101bc11b2bb2b700d3c1942d7934\redhat.java\ss_ws --pipe=\\.\pipe\lsp-2f1a70d714c649000c5713da78b6362f-sock

Host: Intel(R) Core(TM) i3-1005G1 CPU @ 1.20GHz, 4 cores, 7G,  Windows 11 , 64 bit Build 22621 (10.0.22621.5415)
Time: Sun May 10 16:13:32 2026 India Standard Time elapsed time: 14.419306 seconds (0d 0h 0m 14s)

---------------  T H R E A D  ---------------

Current thread (0x0000021849b3ce00):  JavaThread "C2 CompilerThread1" daemon [_thread_in_native, id=15416, stack(0x000000d129100000,0x000000d129200000) (1024K)]


Current CompileTask:
C2:14419 5635       4       lombok.core.AST::buildWithField (21 bytes)

Stack: [0x000000d129100000,0x000000d129200000]
Native frames: (J=compiled Java code, j=interpreted, Vv=VM code, C=native code)
V  [jvm.dll+0x6d7a39]
V  [jvm.dll+0x8b4b26]
V  [jvm.dll+0x8b70de]
V  [jvm.dll+0x8b77c3]
V  [jvm.dll+0x284346]
V  [jvm.dll+0xc66ed]
V  [jvm.dll+0xc6c31]
V  [jvm.dll+0x3bec3b]
V  [jvm.dll+0x38b162]
V  [jvm.dll+0x38a5aa]
V  [jvm.dll+0x24c560]
V  [jvm.dll+0x24bb40]
V  [jvm.dll+0x1cb34e]
V  [jvm.dll+0x25b85d]
V  [jvm.dll+0x259dea]
V  [jvm.dll+0x3f857e]
V  [jvm.dll+0x85f59d]
V  [jvm.dll+0x6d626d]
C  [ucrtbase.dll+0x29333]
C  [KERNEL32.DLL+0x1259d]
C  [ntdll.dll+0x5af78]


---------------  P R O C E S S  ---------------

Threads class SMR info:
_java_thread_list=0x0000021849607a50, length=32, elements={
0x000002186b5ad1b0, 0x000002186b4983a0, 0x000002186b499bb0, 0x000002186b49be70,
0x000002186b49cd90, 0x000002186b49dcb0, 0x000002186b4a1730, 0x000002186b4a5580,
0x000002186b4d7ad0, 0x000002187ec6ba10, 0x000002187edefd00, 0x000002187f583a10,
0x000002187f5dfbd0, 0x000002187f5e0240, 0x000002187f6566e0, 0x000002187f6f2f30,
0x00000218492f7160, 0x0000021849304180, 0x000002184931e050, 0x000002184931e6e0,
0x000002184931fa90, 0x00000218493214d0, 0x000002184931f400, 0x000002184931ed70,
0x0000021849320120, 0x00000218493207b0, 0x0000021849320e40, 0x000002184942e710,
0x000002184942f430, 0x000002184942b920, 0x000002184942d360, 0x0000021849b3ce00
}

Java Threads: ( => current thread )
  0x000002186b5ad1b0 JavaThread "main"                              [_thread_blocked, id=2716, stack(0x000000d126d00000,0x000000d126e00000) (1024K)]
  0x000002186b4983a0 JavaThread "Reference Handler"          daemon [_thread_blocked, id=14500, stack(0x000000d127100000,0x000000d127200000) (1024K)]
  0x000002186b499bb0 JavaThread "Finalizer"                  daemon [_thread_blocked, id=20360, stack(0x000000d127200000,0x000000d127300000) (1024K)]
  0x000002186b49be70 JavaThread "Signal Dispatcher"          daemon [_thread_blocked, id=1060, stack(0x000000d127300000,0x000000d127400000) (1024K)]
  0x000002186b49cd90 JavaThread "Attach Listener"            daemon [_thread_blocked, id=16820, stack(0x000000d127400000,0x000000d127500000) (1024K)]
  0x000002186b49dcb0 JavaThread "Service Thread"             daemon [_thread_blocked, id=5116, stack(0x000000d127500000,0x000000d127600000) (1024K)]
  0x000002186b4a1730 JavaThread "Monitor Deflation Thread"   daemon [_thread_blocked, id=6508, stack(0x000000d127600000,0x000000d127700000) (1024K)]
  0x000002186b4a5580 JavaThread "C2 CompilerThread0"         daemon [_thread_in_native, id=2488, stack(0x000000d127700000,0x000000d127800000) (1024K)]
  0x000002186b4d7ad0 JavaThread "C1 CompilerThread0"         daemon [_thread_blocked, id=2864, stack(0x000000d127800000,0x000000d127900000) (1024K)]
  0x000002187ec6ba10 JavaThread "Common-Cleaner"             daemon [_thread_blocked, id=1304, stack(0x000000d127900000,0x000000d127a00000) (1024K)]
  0x000002187edefd00 JavaThread "Notification Thread"        daemon [_thread_blocked, id=2100, stack(0x000000d127b00000,0x000000d127c00000) (1024K)]
  0x000002187f583a10 JavaThread "Active Thread: Equinox Container: dafdf5cc-457d-45ab-b790-c02640cfb275"        [_thread_blocked, id=956, stack(0x000000d127f00000,0x000000d128000000) (1024K)]
  0x000002187f5dfbd0 JavaThread "Framework Event Dispatcher: Equinox Container: dafdf5cc-457d-45ab-b790-c02640cfb275" daemon [_thread_blocked, id=15744, stack(0x000000d127a00000,0x000000d127b00000) (1024K)]
  0x000002187f5e0240 JavaThread "Start Level: Equinox Container: dafdf5cc-457d-45ab-b790-c02640cfb275" daemon [_thread_blocked, id=1956, stack(0x000000d128000000,0x000000d128100000) (1024K)]
  0x000002187f6566e0 JavaThread "SCR Component Actor"        daemon [_thread_blocked, id=10460, stack(0x000000d128100000,0x000000d128200000) (1024K)]
  0x000002187f6f2f30 JavaThread "Worker-JM"                         [_thread_blocked, id=8596, stack(0x000000d128200000,0x000000d128300000) (1024K)]
  0x00000218492f7160 JavaThread "JNA Cleaner"                daemon [_thread_blocked, id=12044, stack(0x000000d128300000,0x000000d128400000) (1024K)]
  0x0000021849304180 JavaThread "Worker-0"                          [_thread_blocked, id=2868, stack(0x000000d128400000,0x000000d128500000) (1024K)]
  0x000002184931e050 JavaThread "Worker-1: Publish Diagnostics"        [_thread_in_native, id=7576, stack(0x000000d128500000,0x000000d128600000) (1024K)]
  0x000002184931e6e0 JavaThread "Thread-1"                   daemon [_thread_in_native, id=12964, stack(0x000000d128700000,0x000000d128800000) (1024K)]
  0x000002184931fa90 JavaThread "Thread-2"                   daemon [_thread_in_native, id=13564, stack(0x000000d128800000,0x000000d128900000) (1024K)]
  0x00000218493214d0 JavaThread "Thread-3"                   daemon [_thread_in_native, id=15408, stack(0x000000d128900000,0x000000d128a00000) (1024K)]
  0x000002184931f400 JavaThread "Thread-4"                   daemon [_thread_in_native, id=17460, stack(0x000000d128a00000,0x000000d128b00000) (1024K)]
  0x000002184931ed70 JavaThread "Thread-5"                   daemon [_thread_in_native, id=19372, stack(0x000000d128b00000,0x000000d128c00000) (1024K)]
  0x0000021849320120 JavaThread "pool-2-thread-1"                   [_thread_blocked, id=15128, stack(0x000000d128c00000,0x000000d128d00000) (1024K)]
  0x00000218493207b0 JavaThread "Worker-2"                          [_thread_blocked, id=15788, stack(0x000000d128d00000,0x000000d128e00000) (1024K)]
  0x0000021849320e40 JavaThread "WorkspaceEventsHandler"            [_thread_blocked, id=15244, stack(0x000000d128e00000,0x000000d128f00000) (1024K)]
  0x000002184942e710 JavaThread "pool-1-thread-1"                   [_thread_blocked, id=12696, stack(0x000000d128f00000,0x000000d129000000) (1024K)]
  0x000002184942f430 JavaThread "ForkJoinPool.commonPool-worker-1" daemon [_thread_in_Java, id=3748, stack(0x000000d128600000,0x000000d128700000) (1024K)]
  0x000002184942b920 JavaThread "ForkJoinPool.commonPool-worker-2" daemon [_thread_blocked, id=18304, stack(0x000000d129000000,0x000000d129100000) (1024K)]
  0x000002184942d360 JavaThread "ForkJoinPool.commonPool-worker-3" daemon [_thread_blocked, id=10668, stack(0x000000d129200000,0x000000d129300000) (1024K)]
=>0x0000021849b3ce00 JavaThread "C2 CompilerThread1"         daemon [_thread_in_native, id=15416, stack(0x000000d129100000,0x000000d129200000) (1024K)]
Total: 32

Other Threads:
  0x000002186b66df40 VMThread "VM Thread"                           [id=8400, stack(0x000000d127000000,0x000000d127100000) (1024K)]
  0x000002186b6178f0 WatcherThread "VM Periodic Task Thread"        [id=17728, stack(0x000000d126f00000,0x000000d127000000) (1024K)]
  0x000002186b5cc430 WorkerThread "GC Thread#0"                     [id=11284, stack(0x000000d126e00000,0x000000d126f00000) (1024K)]
  0x000002187f3070b0 WorkerThread "GC Thread#1"                     [id=19272, stack(0x000000d127c00000,0x000000d127d00000) (1024K)]
  0x000002187f300050 WorkerThread "GC Thread#2"                     [id=15176, stack(0x000000d127d00000,0x000000d127e00000) (1024K)]
  0x000002187f300400 WorkerThread "GC Thread#3"                     [id=2976, stack(0x000000d127e00000,0x000000d127f00000) (1024K)]
Total: 6

Threads with active compile tasks:
C2 CompilerThread0  14452 5636   !   4       lombok.core.AST::buildWithField0 (121 bytes)
C2 CompilerThread1  14452 5635       4       lombok.core.AST::buildWithField (21 bytes)
Total: 2

VM state: not at safepoint (normal execution)

VM Mutex/Monitor currently owned by a thread: None

Heap address: 0x0000000080000000, size: 2048 MB, Compressed Oops mode: 32-bit

CDS archive(s) mapped at: [0x0000021804000000-0x0000021804ba0000-0x0000021804ba0000), size 12189696, SharedBaseAddress: 0x0000021804000000, ArchiveRelocationMode: 1.
Compressed class space mapped at: 0x0000021805000000-0x0000021845000000, reserved size: 1073741824
Narrow klass base: 0x0000021804000000, Narrow klass shift: 0, Narrow klass range: 0x100000000

GC Precious Log:
 CardTable entry size: 512
 CPUs: 4 total, 4 available
 Memory: 7930M
 Large Page Support: Disabled
 NUMA Support: Disabled
 Compressed Oops: Enabled (32-bit)
 Alignments: Space 512K, Generation 512K, Heap 2M
 Heap Min Capacity: 100M
 Heap Initial Capacity: 100M
 Heap Max Capacity: 2G
 Pre-touch: Disabled
 Parallel Workers: 4

Heap:
 PSYoungGen      total 22528K, used 9690K [0x00000000d5580000, 0x00000000d6d00000, 0x0000000100000000)
  eden space 20992K, 40% used [0x00000000d5580000,0x00000000d5dceb30,0x00000000d6a00000)
  from space 1536K, 77% used [0x00000000d6a00000,0x00000000d6b28020,0x00000000d6b80000)
  to   space 1536K, 0% used [0x00000000d6b80000,0x00000000d6b80000,0x00000000d6d00000)
 ParOldGen       total 68608K, used 29332K [0x0000000080000000, 0x0000000084300000, 0x00000000d5580000)
  object space 68608K, 42% used [0x0000000080000000,0x0000000081ca51d0,0x0000000084300000)
 Metaspace       used 41355K, committed 42304K, reserved 1114112K
  class space    used 4129K, committed 4544K, reserved 1048576K

Card table byte_map: [0x000002186af50000,0x000002186b360000] _byte_map_base: 0x000002186ab50000

Marking Bits: (ParMarkBitMap*) 0x00007ff844f63450
 Begin Bits: [0x0000021800000000, 0x0000021802000000)
 End Bits:   [0x0000021802000000, 0x0000021804000000)

Polling page: 0x0000021869430000

Metaspace:

Usage:
  Non-class:     36.35 MB used.
      Class:      4.03 MB used.
       Both:     40.39 MB used.

Virtual space:
  Non-class space:       64.00 MB reserved,      36.88 MB ( 58%) committed,  1 nodes.
      Class space:        1.00 GB reserved,       4.44 MB ( <1%) committed,  1 nodes.
             Both:        1.06 GB reserved,      41.31 MB (  4%) committed. 

Chunk freelists:
   Non-Class:  10.31 MB
       Class:  11.50 MB
        Both:  21.81 MB

MaxMetaspaceSize: unlimited
CompressedClassSpaceSize: 1.00 GB
Initial GC threshold: 21.00 MB
Current GC threshold: 58.38 MB
CDS: on
 - commit_granule_bytes: 65536.
 - commit_granule_words: 8192.
 - virtual_space_node_default_size: 8388608.
 - enlarge_chunks_in_place: 1.
 - use_allocation_guard: 0.


Internal statistics:

num_allocs_failed_limit: 8.
num_arena_births: 892.
num_arena_deaths: 70.
num_vsnodes_births: 2.
num_vsnodes_deaths: 0.
num_space_committed: 661.
num_space_uncommitted: 0.
num_chunks_returned_to_freelist: 100.
num_chunks_taken_from_freelist: 2736.
num_chunk_merges: 22.
num_chunk_splits: 1688.
num_chunks_enlarged: 1005.
num_inconsistent_stats: 0.

CodeHeap 'non-profiled nmethods': size=120000Kb used=3683Kb max_used=3683Kb free=116316Kb
 bounds [0x0000021876280000, 0x0000021876620000, 0x000002187d7b0000]
CodeHeap 'profiled nmethods': size=120000Kb used=11821Kb max_used=11821Kb free=108178Kb
 bounds [0x000002186e7b0000, 0x000002186f340000, 0x0000021875ce0000]
CodeHeap 'non-nmethods': size=5760Kb used=1410Kb max_used=1456Kb free=4349Kb
 bounds [0x0000021875ce0000, 0x0000021875f50000, 0x0000021876280000]
CodeCache: size=245760Kb, used=16914Kb, max_used=16960Kb, free=228843Kb
 total_blobs=6051, nmethods=5342, adapters=615, full_count=0
Compilation: enabled, stopped_count=0, restarted_count=0

Compilation events (20 events):
Event: 14.338 Thread 0x000002186b4d7ad0 5692  s    3       org.eclipse.jdt.internal.compiler.classfmt.MethodInfo::readCodeAttribute (122 bytes)
Event: 14.339 Thread 0x000002186b4d7ad0 nmethod 5692 0x000002186f31ed10 code [0x000002186f31ef60, 0x000002186f31fa28]
Event: 14.341 Thread 0x000002186b4d7ad0 5693       3       org.eclipse.jdt.core.Signature::getTypeErasure (28 bytes)
Event: 14.341 Thread 0x000002186b4d7ad0 nmethod 5693 0x000002186f31fe10 code [0x000002186f320000, 0x000002186f3203f8]
Event: 14.342 Thread 0x000002186b4d7ad0 5694       3       org.eclipse.jdt.internal.compiler.ast.TypeDeclaration::kind (58 bytes)
Event: 14.342 Thread 0x000002186b4d7ad0 nmethod 5694 0x000002186f320590 code [0x000002186f320740, 0x000002186f320998]
Event: 14.343 Thread 0x000002186b4d7ad0 5695       3       org.eclipse.jdt.internal.compiler.util.Util::scanIdentifier (71 bytes)
Event: 14.343 Thread 0x000002186b4d7ad0 nmethod 5695 0x000002186f320a10 code [0x000002186f320c20, 0x000002186f321200]
Event: 14.344 Thread 0x000002186b4d7ad0 5697       1       org.eclipse.jdt.internal.compiler.classfmt.MethodInfo::getDefaultValue (2 bytes)
Event: 14.344 Thread 0x000002186b4d7ad0 nmethod 5697 0x0000021876614790 code [0x0000021876614920, 0x00000218766149f0]
Event: 14.345 Thread 0x000002186b4d7ad0 5698       3       org.eclipse.jdt.internal.core.ClassFile::translatedName (50 bytes)
Event: 14.345 Thread 0x000002186b4d7ad0 nmethod 5698 0x000002186f321410 code [0x000002186f3215c0, 0x000002186f3218f8]
Event: 14.348 Thread 0x000002186b4a5580 nmethod 5683 0x0000021876614a90 code [0x0000021876614cc0, 0x00000218766154d8]
Event: 14.348 Thread 0x000002186b4a5580 5696       4       org.eclipse.jdt.internal.compiler.classfmt.ClassFileStruct::utf8At (171 bytes)
Event: 14.365 Thread 0x000002186b4a5580 nmethod 5696 0x0000021876615b90 code [0x0000021876615d40, 0x00000218766164c0]
Event: 14.365 Thread 0x000002186b4a5580 5636   !   4       lombok.core.AST::buildWithField0 (121 bytes)
Event: 14.367 Thread 0x000002186b4d7ad0 5699       1       org.eclipse.jdt.internal.core.BinaryMethod::getElementType (3 bytes)
Event: 14.367 Thread 0x000002186b4d7ad0 nmethod 5699 0x0000021876616710 code [0x00000218766168a0, 0x0000021876616968]
Event: 14.368 Thread 0x000002186b4d7ad0 5700       3       org.eclipse.jdt.internal.compiler.lookup.ReferenceBinding::computeId (3060 bytes)
Event: 14.375 Thread 0x000002186b4d7ad0 nmethod 5700 0x000002186f321a90 code [0x000002186f322b40, 0x000002186f32a478]

GC Heap History (20 events):
Event: 9.127 GC heap before
{Heap before GC invocations=14 (full 1):
 PSYoungGen      total 23040K, used 23010K [0x00000000d5580000, 0x00000000d7600000, 0x0000000100000000)
  eden space 20992K, 100% used [0x00000000d5580000,0x00000000d6a00000,0x00000000d6a00000)
  from space 2048K, 98% used [0x00000000d6f80000,0x00000000d7178810,0x00000000d7180000)
  to   space 5632K, 0% used [0x00000000d6a00000,0x00000000d6a00000,0x00000000d6f80000)
 ParOldGen       total 68608K, used 19358K [0x0000000080000000, 0x0000000084300000, 0x00000000d5580000)
  object space 68608K, 28% used [0x0000000080000000,0x00000000812e78e0,0x0000000084300000)
 Metaspace       used 32312K, committed 33280K, reserved 1114112K
  class space    used 3281K, committed 3712K, reserved 1048576K
}
Event: 9.134 GC heap after
{Heap after GC invocations=14 (full 1):
 PSYoungGen      total 23552K, used 2244K [0x00000000d5580000, 0x00000000d7100000, 0x0000000100000000)
  eden space 20992K, 0% used [0x00000000d5580000,0x00000000d5580000,0x00000000d6a00000)
  from space 2560K, 87% used [0x00000000d6a00000,0x00000000d6c31000,0x00000000d6c80000)
  to   space 3584K, 0% used [0x00000000d6d80000,0x00000000d6d80000,0x00000000d7100000)
 ParOldGen       total 68608K, used 21292K [0x0000000080000000, 0x0000000084300000, 0x00000000d5580000)
  object space 68608K, 31% used [0x0000000080000000,0x00000000814cb2a0,0x0000000084300000)
 Metaspace       used 32312K, committed 33280K, reserved 1114112K
  class space    used 3281K, committed 3712K, reserved 1048576K
}
Event: 9.235 GC heap before
{Heap before GC invocations=15 (full 1):
 PSYoungGen      total 23552K, used 23236K [0x00000000d5580000, 0x00000000d7100000, 0x0000000100000000)
  eden space 20992K, 100% used [0x00000000d5580000,0x00000000d6a00000,0x00000000d6a00000)
  from space 2560K, 87% used [0x00000000d6a00000,0x00000000d6c31000,0x00000000d6c80000)
  to   space 3584K, 0% used [0x00000000d6d80000,0x00000000d6d80000,0x00000000d7100000)
 ParOldGen       total 68608K, used 21292K [0x0000000080000000, 0x0000000084300000, 0x00000000d5580000)
  object space 68608K, 31% used [0x0000000080000000,0x00000000814cb2a0,0x0000000084300000)
 Metaspace       used 32384K, committed 33344K, reserved 1114112K
  class space    used 3282K, committed 3712K, reserved 1048576K
}
Event: 9.242 GC heap after
{Heap after GC invocations=15 (full 1):
 PSYoungGen      total 23552K, used 2400K [0x00000000d5580000, 0x00000000d7000000, 0x0000000100000000)
  eden space 20992K, 0% used [0x00000000d5580000,0x00000000d5580000,0x00000000d6a00000)
  from space 2560K, 93% used [0x00000000d6d80000,0x00000000d6fd8010,0x00000000d7000000)
  to   space 2560K, 0% used [0x00000000d6a00000,0x00000000d6a00000,0x00000000d6c80000)
 ParOldGen       total 68608K, used 23442K [0x0000000080000000, 0x0000000084300000, 0x00000000d5580000)
  object space 68608K, 34% used [0x0000000080000000,0x00000000816e48c8,0x0000000084300000)
 Metaspace       used 32384K, committed 33344K, reserved 1114112K
  class space    used 3282K, committed 3712K, reserved 1048576K
}
Event: 9.324 GC heap before
{Heap before GC invocations=16 (full 1):
 PSYoungGen      total 23552K, used 23392K [0x00000000d5580000, 0x00000000d7000000, 0x0000000100000000)
  eden space 20992K, 100% used [0x00000000d5580000,0x00000000d6a00000,0x00000000d6a00000)
  from space 2560K, 93% used [0x00000000d6d80000,0x00000000d6fd8010,0x00000000d7000000)
  to   space 2560K, 0% used [0x00000000d6a00000,0x00000000d6a00000,0x00000000d6c80000)
 ParOldGen       total 68608K, used 23442K [0x0000000080000000, 0x0000000084300000, 0x00000000d5580000)
  object space 68608K, 34% used [0x0000000080000000,0x00000000816e48c8,0x0000000084300000)
 Metaspace       used 32450K, committed 33472K, reserved 1114112K
  class space    used 3282K, committed 3712K, reserved 1048576K
}
Event: 9.331 GC heap after
{Heap after GC invocations=16 (full 1):
 PSYoungGen      total 23552K, used 2136K [0x00000000d5580000, 0x00000000d6f00000, 0x0000000100000000)
  eden space 20992K, 0% used [0x00000000d5580000,0x00000000d5580000,0x00000000d6a00000)
  from space 2560K, 83% used [0x00000000d6a00000,0x00000000d6c16200,0x00000000d6c80000)
  to   space 2560K, 0% used [0x00000000d6c80000,0x00000000d6c80000,0x00000000d6f00000)
 ParOldGen       total 68608K, used 25794K [0x0000000080000000, 0x0000000084300000, 0x00000000d5580000)
  object space 68608K, 37% used [0x0000000080000000,0x00000000819308d8,0x0000000084300000)
 Metaspace       used 32450K, committed 33472K, reserved 1114112K
  class space    used 3282K, committed 3712K, reserved 1048576K
}
Event: 9.908 GC heap before
{Heap before GC invocations=17 (full 1):
 PSYoungGen      total 23552K, used 21578K [0x00000000d5580000, 0x00000000d6f00000, 0x0000000100000000)
  eden space 20992K, 92% used [0x00000000d5580000,0x00000000d687c628,0x00000000d6a00000)
  from space 2560K, 83% used [0x00000000d6a00000,0x00000000d6c16200,0x00000000d6c80000)
  to   space 2560K, 0% used [0x00000000d6c80000,0x00000000d6c80000,0x00000000d6f00000)
 ParOldGen       total 68608K, used 25794K [0x0000000080000000, 0x0000000084300000, 0x00000000d5580000)
  object space 68608K, 37% used [0x0000000080000000,0x00000000819308d8,0x0000000084300000)
 Metaspace       used 34896K, committed 35840K, reserved 1114112K
  class space    used 3535K, committed 3968K, reserved 1048576K
}
Event: 9.913 GC heap after
{Heap after GC invocations=17 (full 1):
 PSYoungGen      total 22528K, used 1195K [0x00000000d5580000, 0x00000000d6e00000, 0x0000000100000000)
  eden space 20992K, 0% used [0x00000000d5580000,0x00000000d5580000,0x00000000d6a00000)
  from space 1536K, 77% used [0x00000000d6c80000,0x00000000d6daae58,0x00000000d6e00000)
  to   space 2048K, 0% used [0x00000000d6a00000,0x00000000d6a00000,0x00000000d6c00000)
 ParOldGen       total 68608K, used 27834K [0x0000000080000000, 0x0000000084300000, 0x00000000d5580000)
  object space 68608K, 40% used [0x0000000080000000,0x0000000081b2ead8,0x0000000084300000)
 Metaspace       used 34896K, committed 35840K, reserved 1114112K
  class space    used 3535K, committed 3968K, reserved 1048576K
}
Event: 9.913 GC heap before
{Heap before GC invocations=18 (full 2):
 PSYoungGen      total 22528K, used 1195K [0x00000000d5580000, 0x00000000d6e00000, 0x0000000100000000)
  eden space 20992K, 0% used [0x00000000d5580000,0x00000000d5580000,0x00000000d6a00000)
  from space 1536K, 77% used [0x00000000d6c80000,0x00000000d6daae58,0x00000000d6e00000)
  to   space 2048K, 0% used [0x00000000d6a00000,0x00000000d6a00000,0x00000000d6c00000)
 ParOldGen       total 68608K, used 27834K [0x0000000080000000, 0x0000000084300000, 0x00000000d5580000)
  object space 68608K, 40% used [0x0000000080000000,0x0000000081b2ead8,0x0000000084300000)
 Metaspace       used 34896K, committed 35840K, reserved 1114112K
  class space    used 3535K, committed 3968K, reserved 1048576K
}
Event: 9.989 GC heap after
{Heap after GC invocations=18 (full 2):
 PSYoungGen      total 22528K, used 0K [0x00000000d5580000, 0x00000000d6e00000, 0x0000000100000000)
  eden space 20992K, 0% used [0x00000000d5580000,0x00000000d5580000,0x00000000d6a00000)
  from space 1536K, 0% used [0x00000000d6c80000,0x00000000d6c80000,0x00000000d6e00000)
  to   space 2048K, 0% used [0x00000000d6a00000,0x00000000d6a00000,0x00000000d6c00000)
 ParOldGen       total 68608K, used 27853K [0x0000000080000000, 0x0000000084300000, 0x00000000d5580000)
  object space 68608K, 40% used [0x0000000080000000,0x0000000081b33568,0x0000000084300000)
 Metaspace       used 34847K, committed 35840K, reserved 1114112K
  class space    used 3521K, committed 3968K, reserved 1048576K
}
Event: 10.113 GC heap before
{Heap before GC invocations=19 (full 2):
 PSYoungGen      total 22528K, used 20992K [0x00000000d5580000, 0x00000000d6e00000, 0x0000000100000000)
  eden space 20992K, 100% used [0x00000000d5580000,0x00000000d6a00000,0x00000000d6a00000)
  from space 1536K, 0% used [0x00000000d6c80000,0x00000000d6c80000,0x00000000d6e00000)
  to   space 2048K, 0% used [0x00000000d6a00000,0x00000000d6a00000,0x00000000d6c00000)
 ParOldGen       total 68608K, used 27853K [0x0000000080000000, 0x0000000084300000, 0x00000000d5580000)
  object space 68608K, 40% used [0x0000000080000000,0x0000000081b33568,0x0000000084300000)
 Metaspace       used 34918K, committed 35904K, reserved 1114112K
  class space    used 3525K, committed 3968K, reserved 1048576K
}
Event: 10.114 GC heap after
{Heap after GC invocations=19 (full 2):
 PSYoungGen      total 22528K, used 1111K [0x00000000d5580000, 0x00000000d6d00000, 0x0000000100000000)
  eden space 20992K, 0% used [0x00000000d5580000,0x00000000d5580000,0x00000000d6a00000)
  from space 1536K, 72% used [0x00000000d6a00000,0x00000000d6b15d18,0x00000000d6b80000)
  to   space 1536K, 0% used [0x00000000d6b80000,0x00000000d6b80000,0x00000000d6d00000)
 ParOldGen       total 68608K, used 27861K [0x0000000080000000, 0x0000000084300000, 0x00000000d5580000)
  object space 68608K, 40% used [0x0000000080000000,0x0000000081b35568,0x0000000084300000)
 Metaspace       used 34918K, committed 35904K, reserved 1114112K
  class space    used 3525K, committed 3968K, reserved 1048576K
}
Event: 10.535 GC heap before
{Heap before GC invocations=20 (full 2):
 PSYoungGen      total 22528K, used 22091K [0x00000000d5580000, 0x00000000d6d00000, 0x0000000100000000)
  eden space 20992K, 99% used [0x00000000d5580000,0x00000000d69fcfa0,0x00000000d6a00000)
  from space 1536K, 72% used [0x00000000d6a00000,0x00000000d6b15d18,0x00000000d6b80000)
  to   space 1536K, 0% used [0x00000000d6b80000,0x00000000d6b80000,0x00000000d6d00000)
 ParOldGen       total 68608K, used 27861K [0x0000000080000000, 0x0000000084300000, 0x00000000d5580000)
  object space 68608K, 40% used [0x0000000080000000,0x0000000081b35568,0x0000000084300000)
 Metaspace       used 36130K, committed 37056K, reserved 1114112K
  class space    used 3643K, committed 4032K, reserved 1048576K
}
Event: 10.536 GC heap after
{Heap after GC invocations=20 (full 2):
 PSYoungGen      total 21504K, used 224K [0x00000000d5580000, 0x00000000d6c00000, 0x0000000100000000)
  eden space 20992K, 0% used [0x00000000d5580000,0x00000000d5580000,0x00000000d6a00000)
  from space 512K, 43% used [0x00000000d6b80000,0x00000000d6bb8000,0x00000000d6c00000)
  to   space 1024K, 0% used [0x00000000d6a00000,0x00000000d6a00000,0x00000000d6b00000)
 ParOldGen       total 68608K, used 27909K [0x0000000080000000, 0x0000000084300000, 0x00000000d5580000)
  object space 68608K, 40% used [0x0000000080000000,0x0000000081b41568,0x0000000084300000)
 Metaspace       used 36130K, committed 37056K, reserved 1114112K
  class space    used 3643K, committed 4032K, reserved 1048576K
}
Event: 11.051 GC heap before
{Heap before GC invocations=21 (full 2):
 PSYoungGen      total 21504K, used 21189K [0x00000000d5580000, 0x00000000d6c00000, 0x0000000100000000)
  eden space 20992K, 99% used [0x00000000d5580000,0x00000000d69f97b8,0x00000000d6a00000)
  from space 512K, 43% used [0x00000000d6b80000,0x00000000d6bb8000,0x00000000d6c00000)
  to   space 1024K, 0% used [0x00000000d6a00000,0x00000000d6a00000,0x00000000d6b00000)
 ParOldGen       total 68608K, used 27909K [0x0000000080000000, 0x0000000084300000, 0x00000000d5580000)
  object space 68608K, 40% used [0x0000000080000000,0x0000000081b41568,0x0000000084300000)
 Metaspace       used 37002K, committed 38016K, reserved 1114112K
  class space    used 3755K, committed 4160K, reserved 1048576K
}
Event: 11.053 GC heap after
{Heap after GC invocations=21 (full 2):
 PSYoungGen      total 22016K, used 320K [0x00000000d5580000, 0x00000000d6c00000, 0x0000000100000000)
  eden space 20992K, 0% used [0x00000000d5580000,0x00000000d5580000,0x00000000d6a00000)
  from space 1024K, 31% used [0x00000000d6a00000,0x00000000d6a50000,0x00000000d6b00000)
  to   space 512K, 0% used [0x00000000d6b80000,0x00000000d6b80000,0x00000000d6c00000)
 ParOldGen       total 68608K, used 28045K [0x0000000080000000, 0x0000000084300000, 0x00000000d5580000)
  object space 68608K, 40% used [0x0000000080000000,0x0000000081b63568,0x0000000084300000)
 Metaspace       used 37002K, committed 38016K, reserved 1114112K
  class space    used 3755K, committed 4160K, reserved 1048576K
}
Event: 12.730 GC heap before
{Heap before GC invocations=22 (full 2):
 PSYoungGen      total 22016K, used 21312K [0x00000000d5580000, 0x00000000d6c00000, 0x0000000100000000)
  eden space 20992K, 100% used [0x00000000d5580000,0x00000000d6a00000,0x00000000d6a00000)
  from space 1024K, 31% used [0x00000000d6a00000,0x00000000d6a50000,0x00000000d6b00000)
  to   space 512K, 0% used [0x00000000d6b80000,0x00000000d6b80000,0x00000000d6c00000)
 ParOldGen       total 68608K, used 28045K [0x0000000080000000, 0x0000000084300000, 0x00000000d5580000)
  object space 68608K, 40% used [0x0000000080000000,0x0000000081b63568,0x0000000084300000)
 Metaspace       used 39035K, committed 40000K, reserved 1114112K
  class space    used 3943K, committed 4352K, reserved 1048576K
}
Event: 12.732 GC heap after
{Heap after GC invocations=22 (full 2):
 PSYoungGen      total 21504K, used 500K [0x00000000d5580000, 0x00000000d6d00000, 0x0000000100000000)
  eden space 20992K, 0% used [0x00000000d5580000,0x00000000d5580000,0x00000000d6a00000)
  from space 512K, 97% used [0x00000000d6b80000,0x00000000d6bfd2a0,0x00000000d6c00000)
  to   space 1536K, 0% used [0x00000000d6a00000,0x00000000d6a00000,0x00000000d6b80000)
 ParOldGen       total 68608K, used 28823K [0x0000000080000000, 0x0000000084300000, 0x00000000d5580000)
  object space 68608K, 42% used [0x0000000080000000,0x0000000081c25f30,0x0000000084300000)
 Metaspace       used 39035K, committed 40000K, reserved 1114112K
  class space    used 3943K, committed 4352K, reserved 1048576K
}
Event: 13.662 GC heap before
{Heap before GC invocations=23 (full 2):
 PSYoungGen      total 21504K, used 21492K [0x00000000d5580000, 0x00000000d6d00000, 0x0000000100000000)
  eden space 20992K, 100% used [0x00000000d5580000,0x00000000d6a00000,0x00000000d6a00000)
  from space 512K, 97% used [0x00000000d6b80000,0x00000000d6bfd2a0,0x00000000d6c00000)
  to   space 1536K, 0% used [0x00000000d6a00000,0x00000000d6a00000,0x00000000d6b80000)
 ParOldGen       total 68608K, used 28823K [0x0000000080000000, 0x0000000084300000, 0x00000000d5580000)
  object space 68608K, 42% used [0x0000000080000000,0x0000000081c25f30,0x0000000084300000)
 Metaspace       used 40542K, committed 41472K, reserved 1114112K
  class space    used 4065K, committed 4480K, reserved 1048576K
}
Event: 13.665 GC heap after
{Heap after GC invocations=23 (full 2):
 PSYoungGen      total 22528K, used 1184K [0x00000000d5580000, 0x00000000d6d00000, 0x0000000100000000)
  eden space 20992K, 0% used [0x00000000d5580000,0x00000000d5580000,0x00000000d6a00000)
  from space 1536K, 77% used [0x00000000d6a00000,0x00000000d6b28020,0x00000000d6b80000)
  to   space 1536K, 0% used [0x00000000d6b80000,0x00000000d6b80000,0x00000000d6d00000)
 ParOldGen       total 68608K, used 29332K [0x0000000080000000, 0x0000000084300000, 0x00000000d5580000)
  object space 68608K, 42% used [0x0000000080000000,0x0000000081ca51d0,0x0000000084300000)
 Metaspace       used 40542K, committed 41472K, reserved 1114112K
  class space    used 4065K, committed 4480K, reserved 1048576K
}

Dll operation events (10 events):
Event: 0.010 Loaded shared library c:\Users\91817\.vscode\extensions\redhat.java-1.54.0-win32-x64\jre\21.0.10-win32-x86_64\bin\java.dll
Event: 0.112 Loaded shared library c:\Users\91817\.vscode\extensions\redhat.java-1.54.0-win32-x64\jre\21.0.10-win32-x86_64\bin\zip.dll
Event: 0.136 Loaded shared library C:\Users\91817\.vscode\extensions\redhat.java-1.54.0-win32-x64\jre\21.0.10-win32-x86_64\bin\instrument.dll
Event: 0.144 Loaded shared library C:\Users\91817\.vscode\extensions\redhat.java-1.54.0-win32-x64\jre\21.0.10-win32-x86_64\bin\net.dll
Event: 0.146 Loaded shared library C:\Users\91817\.vscode\extensions\redhat.java-1.54.0-win32-x64\jre\21.0.10-win32-x86_64\bin\nio.dll
Event: 0.150 Loaded shared library C:\Users\91817\.vscode\extensions\redhat.java-1.54.0-win32-x64\jre\21.0.10-win32-x86_64\bin\zip.dll
Event: 0.174 Loaded shared library C:\Users\91817\.vscode\extensions\redhat.java-1.54.0-win32-x64\jre\21.0.10-win32-x86_64\bin\jimage.dll
Event: 0.281 Loaded shared library c:\Users\91817\.vscode\extensions\redhat.java-1.54.0-win32-x64\jre\21.0.10-win32-x86_64\bin\verify.dll
Event: 2.566 Loaded shared library C:\Users\91817\AppData\Roaming\Code\User\globalStorage\redhat.java\1.54.0\config_ss_win\org.eclipse.equinox.launcher\org.eclipse.equinox.launcher.win32.win32.x86_64_1.3.0.v20260203-2149\eclipse_11919.dll
Event: 4.582 Loaded shared library C:\Users\91817\AppData\Local\Temp\jna-54155846\jna15061303902579547275.dll

Deoptimization events (20 events):
Event: 14.198 Thread 0x000002184942f430 Uncommon trap: trap_request=0xffffff45 fr.pc=0x00000218765d89d0 relative=0x0000000000000290
Event: 14.198 Thread 0x000002184942f430 Uncommon trap: reason=unstable_if action=reinterpret pc=0x00000218765d89d0 method=org.eclipse.jdt.internal.compiler.classfmt.ClassFileStruct.utf8At(II)[C @ 46 c2
Event: 14.198 Thread 0x000002184942f430 DEOPT PACKING pc=0x00000218765d89d0 sp=0x000000d1286fdba0
Event: 14.198 Thread 0x000002184942f430 DEOPT UNPACKING pc=0x0000021875d36da2 sp=0x000000d1286fdb38 mode 2
Event: 14.201 Thread 0x000002184931e050 Uncommon trap: trap_request=0xffffffde fr.pc=0x00000218765ec6d0 relative=0x00000000000005d0
Event: 14.201 Thread 0x000002184931e050 Uncommon trap: reason=class_check action=maybe_recompile pc=0x00000218765ec6d0 method=org.eclipse.jdt.internal.compiler.parser.Parser.consumeRule(I)V @ 5947 c2
Event: 14.201 Thread 0x000002184931e050 DEOPT PACKING pc=0x00000218765ec6d0 sp=0x000000d1285fe670
Event: 14.201 Thread 0x000002184931e050 DEOPT UNPACKING pc=0x0000021875d36da2 sp=0x000000d1285fe5e8 mode 2
Event: 14.202 Thread 0x000002184931e050 Uncommon trap: trap_request=0xffffffde fr.pc=0x00000218765ec6d0 relative=0x00000000000005d0
Event: 14.202 Thread 0x000002184931e050 Uncommon trap: reason=class_check action=maybe_recompile pc=0x00000218765ec6d0 method=org.eclipse.jdt.internal.compiler.parser.Parser.consumeRule(I)V @ 5947 c2
Event: 14.202 Thread 0x000002184931e050 DEOPT PACKING pc=0x00000218765ec6d0 sp=0x000000d1285fe670
Event: 14.202 Thread 0x000002184931e050 DEOPT UNPACKING pc=0x0000021875d36da2 sp=0x000000d1285fe5e8 mode 2
Event: 14.325 Thread 0x000002184942f430 Uncommon trap: trap_request=0xffffff45 fr.pc=0x0000021876488614 relative=0x0000000000001214
Event: 14.325 Thread 0x000002184942f430 Uncommon trap: reason=unstable_if action=reinterpret pc=0x0000021876488614 method=org.eclipse.jdt.internal.core.util.Util.splitOn(CLjava/lang/String;II)[Ljava/lang/String; @ 16 c2
Event: 14.325 Thread 0x000002184942f430 DEOPT PACKING pc=0x0000021876488614 sp=0x000000d1286fd650
Event: 14.325 Thread 0x000002184942f430 DEOPT UNPACKING pc=0x0000021875d36da2 sp=0x000000d1286fd640 mode 2
Event: 14.330 Thread 0x000002184942f430 Uncommon trap: trap_request=0xffffffde fr.pc=0x00000218763ef7b8 relative=0x00000000000006f8
Event: 14.330 Thread 0x000002184942f430 Uncommon trap: reason=class_check action=maybe_recompile pc=0x00000218763ef7b8 method=java.util.HashMap.putVal(ILjava/lang/Object;Ljava/lang/Object;ZZ)Ljava/lang/Object; @ 203 c2
Event: 14.330 Thread 0x000002184942f430 DEOPT PACKING pc=0x00000218763ef7b8 sp=0x000000d1286fcea0
Event: 14.330 Thread 0x000002184942f430 DEOPT UNPACKING pc=0x0000021875d36da2 sp=0x000000d1286fcda8 mode 2

Classes loaded (20 events):
Event: 11.897 Loading class java/util/stream/Node$Builder$OfInt done
Event: 11.897 Loading class java/util/stream/Nodes$IntArrayNode
Event: 11.897 Loading class java/util/stream/Nodes$IntArrayNode done
Event: 11.897 Loading class java/util/stream/Nodes$IntFixedNodeBuilder done
Event: 11.897 Loading class java/util/stream/ReferencePipeline$4$1
Event: 11.898 Loading class java/util/stream/ReferencePipeline$4$1 done
Event: 12.205 Loading class java/util/Hashtable$ValueCollection
Event: 12.205 Loading class java/util/Hashtable$ValueCollection done
Event: 12.519 Loading class java/util/regex/PatternSyntaxException
Event: 12.520 Loading class java/util/regex/PatternSyntaxException done
Event: 12.725 Loading class java/util/WeakHashMap$KeyIterator
Event: 12.727 Loading class java/util/WeakHashMap$KeyIterator done
Event: 13.277 Loading class java/io/FileReader
Event: 13.278 Loading class java/io/FileReader done
Event: 13.278 Loading class java/lang/UnsupportedClassVersionError
Event: 13.279 Loading class java/lang/UnsupportedClassVersionError done
Event: 13.601 Loading class java/util/stream/ReduceOps$4
Event: 13.601 Loading class java/util/stream/ReduceOps$4 done
Event: 13.601 Loading class java/util/stream/ReduceOps$4ReducingSink
Event: 13.601 Loading class java/util/stream/ReduceOps$4ReducingSink done

Classes unloaded (20 events):
Event: 9.929 Thread 0x000002186b66df40 Unloading class 0x0000021805393c00 'java/lang/invoke/LambdaForm$MH+0x0000021805393c00'
Event: 9.929 Thread 0x000002186b66df40 Unloading class 0x0000021805393800 'java/lang/invoke/LambdaForm$MH+0x0000021805393800'
Event: 9.929 Thread 0x000002186b66df40 Unloading class 0x0000021805393000 'java/lang/invoke/LambdaForm$MH+0x0000021805393000'
Event: 9.929 Thread 0x000002186b66df40 Unloading class 0x0000021805392800 'java/lang/invoke/LambdaForm$MH+0x0000021805392800'
Event: 9.929 Thread 0x000002186b66df40 Unloading class 0x0000021805391c00 'java/lang/invoke/LambdaForm$MH+0x0000021805391c00'
Event: 9.929 Thread 0x000002186b66df40 Unloading class 0x0000021805391800 'java/lang/invoke/LambdaForm$MH+0x0000021805391800'
Event: 9.929 Thread 0x000002186b66df40 Unloading class 0x0000021805391000 'java/lang/invoke/LambdaForm$MH+0x0000021805391000'
Event: 9.929 Thread 0x000002186b66df40 Unloading class 0x0000021805390c00 'java/lang/invoke/LambdaForm$DMH+0x0000021805390c00'
Event: 9.929 Thread 0x000002186b66df40 Unloading class 0x0000021805390400 'java/lang/invoke/LambdaForm$DMH+0x0000021805390400'
Event: 9.929 Thread 0x000002186b66df40 Unloading class 0x000002180538f800 'java/lang/invoke/LambdaForm$MH+0x000002180538f800'
Event: 9.929 Thread 0x000002186b66df40 Unloading class 0x000002180538fc00 'java/lang/invoke/LambdaForm$MH+0x000002180538fc00'
Event: 9.929 Thread 0x000002186b66df40 Unloading class 0x000002180538c000 'java/lang/invoke/LambdaForm$MH+0x000002180538c000'
Event: 9.929 Thread 0x000002186b66df40 Unloading class 0x000002180538b800 'java/lang/invoke/LambdaForm$MH+0x000002180538b800'
Event: 9.929 Thread 0x000002186b66df40 Unloading class 0x000002180538b400 'java/lang/invoke/LambdaForm$MH+0x000002180538b400'
Event: 9.929 Thread 0x000002186b66df40 Unloading class 0x000002180538ac00 'java/lang/invoke/LambdaForm$MH+0x000002180538ac00'
Event: 9.929 Thread 0x000002186b66df40 Unloading class 0x000002180538a000 'java/lang/invoke/LambdaForm$MH+0x000002180538a000'
Event: 9.929 Thread 0x000002186b66df40 Unloading class 0x0000021805389800 'java/lang/invoke/LambdaForm$MH+0x0000021805389800'
Event: 9.929 Thread 0x000002186b66df40 Unloading class 0x0000021805389400 'java/lang/invoke/LambdaForm$MH+0x0000021805389400'
Event: 9.929 Thread 0x000002186b66df40 Unloading class 0x0000021805388800 'java/lang/invoke/LambdaForm$MH+0x0000021805388800'
Event: 9.929 Thread 0x000002186b66df40 Unloading class 0x0000021805388000 'java/lang/invoke/LambdaForm$DMH+0x0000021805388000'

Classes redefined (0 events):
No events

Internal exceptions (20 events):
Event: 8.790 Thread 0x000002184942e710 Exception <a 'java/lang/NoSuchMethodError'{0x00000000d6671730}: 'java.lang.Object java.lang.invoke.DirectMethodHandle$Holder.invokeStatic(java.lang.Object, int, java.lang.Object, java.lang.Object)'> (0x00000000d6671730) 
thrown [s\src\hotspot\share\interpreter\linkResolver.cpp, line 773]
Event: 8.791 Thread 0x000002184942f430 Exception <a 'java/lang/NoSuchMethodError'{0x00000000d665cb00}: 'java.lang.Object java.lang.invoke.DirectMethodHandle$Holder.invokeStatic(java.lang.Object, int, java.lang.Object, java.lang.Object)'> (0x00000000d665cb00) 
thrown [s\src\hotspot\share\interpreter\linkResolver.cpp, line 773]
Event: 8.791 Thread 0x000002184942e710 Exception <a 'java/lang/NoSuchMethodError'{0x00000000d66751e0}: 'java.lang.Object java.lang.invoke.DelegatingMethodHandle$Holder.delegate(java.lang.Object, int, java.lang.Object, java.lang.Object)'> (0x00000000d66751e0) 
thrown [s\src\hotspot\share\interpreter\linkResolver.cpp, line 773]
Event: 8.793 Thread 0x000002184942f430 Exception <a 'java/lang/NoSuchMethodError'{0x00000000d66ddf60}: 'int java.lang.invoke.Invokers$Holder.linkToTargetMethod(java.lang.Object, java.lang.Object, java.lang.Object)'> (0x00000000d66ddf60) 
thrown [s\src\hotspot\share\interpreter\linkResolver.cpp, line 773]
Event: 8.793 Thread 0x000002184942e710 Exception <a 'java/lang/NoSuchMethodError'{0x00000000d66c0738}: 'int java.lang.invoke.Invokers$Holder.linkToTargetMethod(java.lang.Object, java.lang.Object, java.lang.Object)'> (0x00000000d66c0738) 
thrown [s\src\hotspot\share\interpreter\linkResolver.cpp, line 773]
Event: 9.743 Thread 0x000002184942b920 Exception <a 'java/lang/NoSuchMethodError'{0x00000000d63eda60}: 'java.lang.Object java.lang.invoke.DirectMethodHandle$Holder.invokeVirtual(java.lang.Object, java.lang.Object, int)'> (0x00000000d63eda60) 
thrown [s\src\hotspot\share\interpreter\linkResolver.cpp, line 773]
Event: 9.829 Thread 0x000002184942f430 Exception <a 'java/lang/LinkageError'{0x00000000d66d9ce8}: loader lombok.launch.ShadowClassLoader @100345b6 attempted duplicate class definition for lombok.launch.PatchFixesHider$ValPortal. (lombok.launch.PatchFixesHider$ValPortal is in unnamed module of loader lombok.launch.ShadowClassLoader @100345b6, parent loader org.eclipse.osgi.internal.loader.EquinoxClassLoader @28b407ec)> (0x00000000d66d9ce8) 
thrown [s\src\hotspot\share\classfile\systemDictionary.cpp, line 1672]
Event: 10.477 Thread 0x000002184942f430 Exception <a 'java/lang/LinkageError'{0x00000000d69202a8}: loader lombok.launch.ShadowClassLoader @100345b6 attempted duplicate class definition for lombok.launch.PatchFixesHider$Transform. (lombok.launch.PatchFixesHider$Transform is in unnamed module of loader lombok.launch.ShadowClassLoader @100345b6, parent loader org.eclipse.osgi.internal.loader.EquinoxClassLoader @28b407ec)> (0x00000000d69202a8) 
thrown [s\src\hotspot\share\classfile\systemDictionary.cpp, line 1672]
Event: 11.090 Thread 0x000002184942b920 Implicit null exception at 0x0000021876332f1d to 0x0000021876333a88
Event: 12.209 Thread 0x000002184942f430 Exception <a 'java/lang/NoSuchMethodError'{0x00000000d61a47d8}: 'java.lang.Object java.lang.invoke.DirectMethodHandle$Holder.invokeSpecial(java.lang.Object, java.lang.Object, java.lang.Object, java.lang.Object, int, java.lang.Object, java.lang.Object)'> (0x00000000d61a47d8) 
thrown [s\src\hotspot\share\interpreter\linkResolver.cpp, line 773]
Event: 12.799 Thread 0x000002184942e710 Exception <a 'java/lang/IncompatibleClassChangeError'{0x00000000d57d5b28}: Found class java.lang.Object, but interface was expected> (0x00000000d57d5b28) 
thrown [s\src\hotspot\share\interpreter\linkResolver.cpp, line 840]
Event: 12.802 Thread 0x000002184942e710 Exception <a 'java/lang/IncompatibleClassChangeError'{0x00000000d57e54a8}: Found class java.lang.Object, but interface was expected> (0x00000000d57e54a8) 
thrown [s\src\hotspot\share\interpreter\linkResolver.cpp, line 840]
Event: 13.167 Thread 0x0000021849304180 Exception <a 'java/lang/NoSuchMethodError'{0x00000000d6216ae8}: 'java.lang.Object java.lang.invoke.DirectMethodHandle$Holder.invokeSpecial(java.lang.Object, java.lang.Object, int, long)'> (0x00000000d6216ae8) 
thrown [s\src\hotspot\share\interpreter\linkResolver.cpp, line 773]
Event: 13.201 Thread 0x000002184942d360 Exception <a 'java/lang/ArrayIndexOutOfBoundsException'{0x00000000d62de500}> (0x00000000d62de500) 
thrown [s\src\hotspot\share\runtime\sharedRuntime.cpp, line 625]
Event: 13.285 Thread 0x000002184942f430 Exception <a 'java/lang/NoSuchMethodError'{0x00000000d647e6b0}: 'int java.lang.invoke.Invokers$Holder.invokeExact_MT(java.lang.Object, java.lang.Object)'> (0x00000000d647e6b0) 
thrown [s\src\hotspot\share\interpreter\linkResolver.cpp, line 773]
Event: 13.327 Thread 0x000002184942b920 Exception <a 'java/lang/ArrayIndexOutOfBoundsException'{0x00000000d61a1638}> (0x00000000d61a1638) 
thrown [s\src\hotspot\share\runtime\sharedRuntime.cpp, line 625]
Event: 13.375 Thread 0x000002184942f430 Exception <a 'java/lang/NoSuchMethodError'{0x00000000d66b03a0}: 'int java.lang.invoke.DirectMethodHandle$Holder.invokeInterface(java.lang.Object, java.lang.Object)'> (0x00000000d66b03a0) 
thrown [s\src\hotspot\share\interpreter\linkResolver.cpp, line 773]
Event: 13.375 Thread 0x000002184942f430 Exception <a 'java/lang/IncompatibleClassChangeError'{0x00000000d66b3660}: Found class java.lang.Object, but interface was expected> (0x00000000d66b3660) 
thrown [s\src\hotspot\share\interpreter\linkResolver.cpp, line 840]
Event: 13.614 Thread 0x000002184942f430 Exception <a 'java/lang/NoSuchMethodError'{0x00000000d698f338}: 'int java.lang.invoke.DirectMethodHandle$Holder.invokeSpecialIFC(java.lang.Object, java.lang.Object, java.lang.Object)'> (0x00000000d698f338) 
thrown [s\src\hotspot\share\interpreter\linkResolver.cpp, line 773]
Event: 13.973 Thread 0x000002184942f430 Implicit null exception at 0x00000218765d4f1c to 0x00000218765d6750

ZGC Phase Switch (0 events):
No events

VM Operations (20 events):
Event: 10.113 Executing safepoint VM operation: ParallelGCFailedAllocation (Allocation Failure)
Event: 10.114 Executing safepoint VM operation: ParallelGCFailedAllocation (Allocation Failure) done
Event: 10.535 Executing safepoint VM operation: ParallelGCFailedAllocation (Allocation Failure)
Event: 10.536 Executing safepoint VM operation: ParallelGCFailedAllocation (Allocation Failure) done
Event: 11.051 Executing safepoint VM operation: ParallelGCFailedAllocation (Allocation Failure)
Event: 11.053 Executing safepoint VM operation: ParallelGCFailedAllocation (Allocation Failure) done
Event: 11.642 Executing non-safepoint VM operation: HandshakeAllThreads (Deoptimize)
Event: 11.642 Executing non-safepoint VM operation: HandshakeAllThreads (Deoptimize) done
Event: 11.663 Executing non-safepoint VM operation: HandshakeAllThreads (Deoptimize)
Event: 11.663 Executing non-safepoint VM operation: HandshakeAllThreads (Deoptimize) done
Event: 12.663 Executing safepoint VM operation: Cleanup
Event: 12.663 Executing safepoint VM operation: Cleanup done
Event: 12.729 Executing safepoint VM operation: ParallelGCFailedAllocation (Allocation Failure)
Event: 12.732 Executing safepoint VM operation: ParallelGCFailedAllocation (Allocation Failure) done
Event: 13.231 Executing non-safepoint VM operation: HandshakeAllThreads (Deoptimize)
Event: 13.273 Executing non-safepoint VM operation: HandshakeAllThreads (Deoptimize) done
Event: 13.625 Executing non-safepoint VM operation: HandshakeAllThreads (Deoptimize)
Event: 13.625 Executing non-safepoint VM operation: HandshakeAllThreads (Deoptimize) done
Event: 13.662 Executing safepoint VM operation: ParallelGCFailedAllocation (Allocation Failure)
Event: 13.666 Executing safepoint VM operation: ParallelGCFailedAllocation (Allocation Failure) done

Memory protections (0 events):
No events

Nmethod flushes (20 events):
Event: 9.940 Thread 0x000002186b66df40 flushing  nmethod 0x000002186ebde710
Event: 9.940 Thread 0x000002186b66df40 flushing  nmethod 0x000002186ebff610
Event: 9.940 Thread 0x000002186b66df40 flushing  nmethod 0x000002186ec00010
Event: 9.940 Thread 0x000002186b66df40 flushing  nmethod 0x000002186ec06190
Event: 9.940 Thread 0x000002186b66df40 flushing  nmethod 0x000002186ec24090
Event: 9.940 Thread 0x000002186b66df40 flushing  nmethod 0x000002186ec39e90
Event: 9.940 Thread 0x000002186b66df40 flushing  nmethod 0x000002186ec3a190
Event: 9.940 Thread 0x000002186b66df40 flushing  nmethod 0x000002186ec3da10
Event: 9.940 Thread 0x000002186b66df40 flushing  nmethod 0x000002186ec3ee10
Event: 9.940 Thread 0x000002186b66df40 flushing  nmethod 0x000002186ec51210
Event: 9.940 Thread 0x000002186b66df40 flushing  nmethod 0x000002186ec51b90
Event: 9.940 Thread 0x000002186b66df40 flushing  nmethod 0x000002186ec81e10
Event: 9.940 Thread 0x000002186b66df40 flushing  nmethod 0x000002186ec82210
Event: 9.940 Thread 0x000002186b66df40 flushing  nmethod 0x000002186ec89490
Event: 9.940 Thread 0x000002186b66df40 flushing  nmethod 0x000002186ec8a290
Event: 9.940 Thread 0x000002186b66df40 flushing  nmethod 0x000002186ec8fb90
Event: 9.940 Thread 0x000002186b66df40 flushing  nmethod 0x000002186ec90e90
Event: 9.940 Thread 0x000002186b66df40 flushing  nmethod 0x000002186ec91c90
Event: 9.940 Thread 0x000002186b66df40 flushing  nmethod 0x000002186ec95590
Event: 9.940 Thread 0x000002186b66df40 flushing  nmethod 0x000002186ec9a090

Events (20 events):
Event: 7.363 Thread 0x000002186b5ad1b0 Thread added: 0x000002184931e6e0
Event: 7.363 Thread 0x000002186b5ad1b0 Thread added: 0x000002184931fa90
Event: 7.363 Thread 0x000002186b5ad1b0 Thread added: 0x00000218493214d0
Event: 7.363 Thread 0x000002186b5ad1b0 Thread added: 0x000002184931f400
Event: 7.363 Thread 0x000002186b5ad1b0 Thread added: 0x000002184931ed70
Event: 7.384 Thread 0x000002186b5ad1b0 Thread added: 0x0000021849320120
Event: 7.585 Thread 0x0000021849304180 Thread added: 0x00000218493207b0
Event: 7.792 Thread 0x000002186b5ad1b0 Thread added: 0x0000021849320e40
Event: 7.792 Thread 0x000002186b5ad1b0 Thread added: 0x000002184942e710
Event: 8.003 Thread 0x00000218496ff480 Thread exited: 0x00000218496ff480
Event: 8.183 Thread 0x000002184942e710 Thread added: 0x000002184942f430
Event: 8.185 Thread 0x000002184942e710 Thread added: 0x000002184942b920
Event: 8.364 Thread 0x000002186b4d7ad0 Thread added: 0x000002184a6a53e0
Event: 12.801 Thread 0x000002184942e710 Thread added: 0x000002184942d360
Event: 13.160 Thread 0x000002184a6a53e0 Thread exited: 0x000002184a6a53e0
Event: 13.381 Thread 0x000002186b4d7ad0 Thread added: 0x0000021849b3e940
Event: 13.879 Thread 0x0000021849b3e940 Thread exited: 0x0000021849b3e940
Event: 13.921 Thread 0x000002186b4d7ad0 Thread added: 0x0000021849b3dba0
Event: 14.168 Thread 0x0000021849b3dba0 Thread exited: 0x0000021849b3dba0
Event: 14.212 Thread 0x000002186b4d7ad0 Thread added: 0x0000021849b3ce00


Dynamic libraries:
0x00007ff772cf0000 - 0x00007ff772cfe000 	c:\Users\91817\.vscode\extensions\redhat.java-1.54.0-win32-x64\jre\21.0.10-win32-x86_64\bin\java.exe
0x00007ff8f2850000 - 0x00007ff8f2a67000 	C:\WINDOWS\SYSTEM32\ntdll.dll
0x00007ff8f1aa0000 - 0x00007ff8f1b64000 	C:\WINDOWS\System32\KERNEL32.DLL
0x00007ff8effd0000 - 0x00007ff8f03a2000 	C:\WINDOWS\System32\KERNELBASE.dll
0x00007ff8efd10000 - 0x00007ff8efe21000 	C:\WINDOWS\System32\ucrtbase.dll
0x00007ff8ebde0000 - 0x00007ff8ebdf8000 	c:\Users\91817\.vscode\extensions\redhat.java-1.54.0-win32-x64\jre\21.0.10-win32-x86_64\bin\jli.dll
0x00007ff8f1f50000 - 0x00007ff8f2101000 	C:\WINDOWS\System32\USER32.dll
0x00007ff8efeb0000 - 0x00007ff8efed6000 	C:\WINDOWS\System32\win32u.dll
0x00007ff8f0df0000 - 0x00007ff8f0e19000 	C:\WINDOWS\System32\GDI32.dll
0x00007ff8f03b0000 - 0x00007ff8f04d3000 	C:\WINDOWS\System32\gdi32full.dll
0x00007ff8ef940000 - 0x00007ff8ef9da000 	C:\WINDOWS\System32\msvcp_win.dll
0x00007ff8eb180000 - 0x00007ff8eb19e000 	c:\Users\91817\.vscode\extensions\redhat.java-1.54.0-win32-x64\jre\21.0.10-win32-x86_64\bin\VCRUNTIME140.dll
0x00007ff8da940000 - 0x00007ff8dabdb000 	C:\WINDOWS\WinSxS\amd64_microsoft.windows.common-controls_6595b64144ccf1df_6.0.22621.5547_none_27104afb73855772\COMCTL32.dll
0x00007ff8f0d40000 - 0x00007ff8f0de7000 	C:\WINDOWS\System32\msvcrt.dll
0x00007ff8f1730000 - 0x00007ff8f1761000 	C:\WINDOWS\System32\IMM32.DLL
0x00007ff8ec150000 - 0x00007ff8ec15c000 	c:\Users\91817\.vscode\extensions\redhat.java-1.54.0-win32-x64\jre\21.0.10-win32-x86_64\bin\vcruntime140_1.dll
0x00007ff8caed0000 - 0x00007ff8caf5d000 	c:\Users\91817\.vscode\extensions\redhat.java-1.54.0-win32-x64\jre\21.0.10-win32-x86_64\bin\msvcp140.dll
0x00007ff8442a0000 - 0x00007ff845041000 	c:\Users\91817\.vscode\extensions\redhat.java-1.54.0-win32-x64\jre\21.0.10-win32-x86_64\bin\server\jvm.dll
0x00007ff8f1cf0000 - 0x00007ff8f1da1000 	C:\WINDOWS\System32\ADVAPI32.dll
0x00007ff8f24b0000 - 0x00007ff8f2558000 	C:\WINDOWS\System32\sechost.dll
0x00007ff8efee0000 - 0x00007ff8eff08000 	C:\WINDOWS\System32\bcrypt.dll
0x00007ff8f2670000 - 0x00007ff8f2784000 	C:\WINDOWS\System32\RPCRT4.dll
0x00007ff8f1770000 - 0x00007ff8f17e1000 	C:\WINDOWS\System32\WS2_32.dll
0x00007ff8ef820000 - 0x00007ff8ef86d000 	C:\WINDOWS\SYSTEM32\POWRPROF.dll
0x00007ff8eb130000 - 0x00007ff8eb164000 	C:\WINDOWS\SYSTEM32\WINMM.dll
0x00007ff8e9590000 - 0x00007ff8e959a000 	C:\WINDOWS\SYSTEM32\VERSION.dll
0x00007ff8ef800000 - 0x00007ff8ef813000 	C:\WINDOWS\SYSTEM32\UMPDC.dll
0x00007ff8ee970000 - 0x00007ff8ee988000 	C:\WINDOWS\SYSTEM32\kernel.appcore.dll
0x00007ff8ec110000 - 0x00007ff8ec11a000 	c:\Users\91817\.vscode\extensions\redhat.java-1.54.0-win32-x64\jre\21.0.10-win32-x86_64\bin\jimage.dll
0x00007ff8ed320000 - 0x00007ff8ed553000 	C:\WINDOWS\SYSTEM32\DBGHELP.DLL
0x00007ff8f2110000 - 0x00007ff8f24a3000 	C:\WINDOWS\System32\combase.dll
0x00007ff8f19b0000 - 0x00007ff8f1a87000 	C:\WINDOWS\System32\OLEAUT32.dll
0x00007ff8dacb0000 - 0x00007ff8dace2000 	C:\WINDOWS\SYSTEM32\dbgcore.DLL
0x00007ff8efe30000 - 0x00007ff8efeab000 	C:\WINDOWS\System32\bcryptPrimitives.dll
0x00007ff8ebcf0000 - 0x00007ff8ebcff000 	c:\Users\91817\.vscode\extensions\redhat.java-1.54.0-win32-x64\jre\21.0.10-win32-x86_64\bin\instrument.dll
0x00007ff8e9f40000 - 0x00007ff8e9f60000 	c:\Users\91817\.vscode\extensions\redhat.java-1.54.0-win32-x64\jre\21.0.10-win32-x86_64\bin\java.dll
0x00007ff8f0e20000 - 0x00007ff8f16c2000 	C:\WINDOWS\System32\SHELL32.dll
0x00007ff8efb50000 - 0x00007ff8efc8f000 	C:\WINDOWS\System32\wintypes.dll
0x00007ff8ed870000 - 0x00007ff8ee18d000 	C:\WINDOWS\SYSTEM32\windows.storage.dll
0x00007ff8f18a0000 - 0x00007ff8f19ac000 	C:\WINDOWS\System32\SHCORE.dll
0x00007ff8f0660000 - 0x00007ff8f06c9000 	C:\WINDOWS\System32\shlwapi.dll
0x00007ff8ef870000 - 0x00007ff8ef89b000 	C:\WINDOWS\SYSTEM32\profapi.dll
0x00007ff8e9ed0000 - 0x00007ff8e9ee8000 	c:\Users\91817\.vscode\extensions\redhat.java-1.54.0-win32-x64\jre\21.0.10-win32-x86_64\bin\zip.dll
0x00007ff8ebc30000 - 0x00007ff8ebc40000 	C:\Users\91817\.vscode\extensions\redhat.java-1.54.0-win32-x64\jre\21.0.10-win32-x86_64\bin\net.dll
0x00007ff8e9280000 - 0x00007ff8e93ac000 	C:\WINDOWS\SYSTEM32\WINHTTP.dll
0x00007ff8eedf0000 - 0x00007ff8eee59000 	C:\WINDOWS\system32\mswsock.dll
0x00007ff8e5410000 - 0x00007ff8e5426000 	C:\Users\91817\.vscode\extensions\redhat.java-1.54.0-win32-x64\jre\21.0.10-win32-x86_64\bin\nio.dll
0x00007ff8eb2b0000 - 0x00007ff8eb2c0000 	c:\Users\91817\.vscode\extensions\redhat.java-1.54.0-win32-x64\jre\21.0.10-win32-x86_64\bin\verify.dll
0x00007ff8cae30000 - 0x00007ff8cae75000 	C:\Users\91817\AppData\Roaming\Code\User\globalStorage\redhat.java\1.54.0\config_ss_win\org.eclipse.equinox.launcher\org.eclipse.equinox.launcher.win32.win32.x86_64_1.3.0.v20260203-2149\eclipse_11919.dll
0x00007ff8f1db0000 - 0x00007ff8f1f50000 	C:\WINDOWS\System32\ole32.dll
0x00007ff8ef050000 - 0x00007ff8ef06b000 	C:\WINDOWS\SYSTEM32\CRYPTSP.dll
0x00007ff8ee8d0000 - 0x00007ff8ee907000 	C:\WINDOWS\system32\rsaenh.dll
0x00007ff8eeee0000 - 0x00007ff8eef08000 	C:\WINDOWS\SYSTEM32\USERENV.dll
0x00007ff8ef040000 - 0x00007ff8ef04c000 	C:\WINDOWS\SYSTEM32\CRYPTBASE.dll
0x00007ff8ee430000 - 0x00007ff8ee45d000 	C:\WINDOWS\SYSTEM32\IPHLPAPI.DLL
0x00007ff8f04e0000 - 0x00007ff8f04e9000 	C:\WINDOWS\System32\NSI.dll
0x00007ff8ca6d0000 - 0x00007ff8ca719000 	C:\Users\91817\AppData\Local\Temp\jna-54155846\jna15061303902579547275.dll
0x00007ff8f04f0000 - 0x00007ff8f04f8000 	C:\WINDOWS\System32\PSAPI.DLL
0x00007ff8e9110000 - 0x00007ff8e9129000 	C:\WINDOWS\SYSTEM32\dhcpcsvc6.DLL
0x00007ff8e9040000 - 0x00007ff8e905f000 	C:\WINDOWS\SYSTEM32\dhcpcsvc.DLL

JVMTI agents:
c:\Users\91817\.vscode\extensions\redhat.java-1.54.0-win32-x64\lombok\lombok-1.18.39-4050.jar path:c:\Users\91817\.vscode\extensions\redhat.java-1.54.0-win32-x64\jre\21.0.10-win32-x86_64\bin\instrument.dll, loaded, initialized, instrumentlib options:none

dbghelp: loaded successfully - version: 4.0.5 - missing functions: none
symbol engine: initialized successfully - sym options: 0x614 - pdb path: .;c:\Users\91817\.vscode\extensions\redhat.java-1.54.0-win32-x64\jre\21.0.10-win32-x86_64\bin;C:\WINDOWS\SYSTEM32;C:\WINDOWS\WinSxS\amd64_microsoft.windows.common-controls_6595b64144ccf1df_6.0.22621.5547_none_27104afb73855772;c:\Users\91817\.vscode\extensions\redhat.java-1.54.0-win32-x64\jre\21.0.10-win32-x86_64\bin\server;C:\Users\91817\AppData\Roaming\Code\User\globalStorage\redhat.java\1.54.0\config_ss_win\org.eclipse.equinox.launcher\org.eclipse.equinox.launcher.win32.win32.x86_64_1.3.0.v20260203-2149;C:\Users\91817\AppData\Local\Temp\jna-54155846

VM Arguments:
jvm_args: --add-modules=ALL-SYSTEM --add-opens=java.base/java.util=ALL-UNNAMED --add-opens=java.base/java.lang=ALL-UNNAMED --add-opens=java.base/sun.nio.fs=ALL-UNNAMED -Declipse.application=org.eclipse.jdt.ls.core.id1 -Dosgi.bundles.defaultStartLevel=4 -Declipse.product=org.eclipse.jdt.ls.core.product -Djava.import.generatesMetadataFilesAtProjectRoot=false -DDetectVMInstallationsJob.disabled=true -Dfile.encoding=utf8 -XX:+UseParallelGC -XX:GCTimeRatio=4 -XX:AdaptiveSizePolicyWeight=90 -Dsun.zip.disableMemoryMapping=true -Xmx2G -Xms100m -Xlog:disable -javaagent:c:\Users\91817\.vscode\extensions\redhat.java-1.54.0-win32-x64\lombok\lombok-1.18.39-4050.jar 
java_command: c:\Users\91817\.vscode\extensions\redhat.java-1.54.0-win32-x64\server\plugins\org.eclipse.equinox.launcher_1.7.100.v20251111-0406.jar -configuration c:\Users\91817\AppData\Roaming\Code\User\globalStorage\redhat.java\1.54.0\config_ss_win -data c:\Users\91817\AppData\Roaming\Code\User\workspaceStorage\6601101bc11b2bb2b700d3c1942d7934\redhat.java\ss_ws --pipe=\\.\pipe\lsp-2f1a70d714c649000c5713da78b6362f-sock
java_class_path (initial): c:\Users\91817\.vscode\extensions\redhat.java-1.54.0-win32-x64\server\plugins\org.eclipse.equinox.launcher_1.7.100.v20251111-0406.jar
Launcher Type: SUN_STANDARD

[Global flags]
    uintx AdaptiveSizePolicyWeight                 = 90                                        {product} {command line}
     intx CICompilerCount                          = 3                                         {product} {ergonomic}
    uintx GCTimeRatio                              = 4                                         {product} {command line}
   size_t InitialHeapSize                          = 104857600                                 {product} {command line}
   size_t MaxHeapSize                              = 2147483648                                {product} {command line}
   size_t MaxNewSize                               = 715653120                                 {product} {ergonomic}
   size_t MinHeapDeltaBytes                        = 524288                                    {product} {ergonomic}
   size_t MinHeapSize                              = 104857600                                 {product} {command line}
   size_t NewSize                                  = 34603008                                  {product} {ergonomic}
    uintx NonNMethodCodeHeapSize                   = 5832780                                {pd product} {ergonomic}
    uintx NonProfiledCodeHeapSize                  = 122912730                              {pd product} {ergonomic}
   size_t OldSize                                  = 70254592                                  {product} {ergonomic}
    uintx ProfiledCodeHeapSize                     = 122912730                              {pd product} {ergonomic}
    uintx ReservedCodeCacheSize                    = 251658240                              {pd product} {ergonomic}
     bool SegmentedCodeCache                       = true                                      {product} {ergonomic}
   size_t SoftMaxHeapSize                          = 2147483648                             {manageable} {ergonomic}
     bool UseCompressedOops                        = true                           {product lp64_product} {ergonomic}
     bool UseLargePagesIndividualAllocation        = false                                  {pd product} {ergonomic}
     bool UseParallelGC                            = true                                      {product} {command line}

Logging:
Log output configuration:
 #0: stdout all=off uptime,level,tags foldmultilines=false
 #1: stderr all=off uptime,level,tags foldmultilines=false

Release file:
JAVA_VERSION="21.0.10" 
MODULES="java.base java.compiler java.datatransfer java.xml java.prefs java.desktop java.instrument java.logging java.management java.security.sasl java.naming java.rmi java.management.rmi java.net.http java.scripting java.security.jgss java.transaction.xa java.sql java.sql.rowset java.xml.crypto java.se java.smartcardio jdk.accessibility jdk.internal.jvmstat jdk.attach jdk.charsets jdk.internal.opt jdk.zipfs jdk.compiler jdk.crypto.ec jdk.crypto.cryptoki jdk.crypto.mscapi jdk.dynalink jdk.internal.ed jdk.editpad jdk.hotspot.agent jdk.httpserver jdk.internal.le jdk.internal.vm.ci jdk.internal.vm.compiler jdk.internal.vm.compiler.management jdk.jartool jdk.javadoc jdk.jcmd jdk.management jdk.management.agent jdk.jconsole jdk.jdeps jdk.jdwp.agent jdk.jdi jdk.jfr jdk.jshell jdk.jsobject jdk.jstatd jdk.localedata jdk.management.jfr jdk.naming.dns jdk.naming.rmi jdk.net jdk.nio.mapmode jdk.random jdk.sctp jdk.security.auth jdk.security.jgss jdk.unsupported jdk.unsupported.desktop jdk.xml.dom" 

Environment Variables:
PATH=C:\Users\91817\AppData\Local\Programs\Microsoft VS Code;C:\Program Files\Common Files\Oracle\Java\javapath;C:\WINDOWS\system32;C:\WINDOWS;C:\WINDOWS\System32\Wbem;C:\WINDOWS\System32\WindowsPowerShell\v1.0\;C:\WINDOWS\System32\OpenSSH\;C:\FingerprintSensors\SMARTCHIP_DLL;C:\Program Files\nodejs\;C:\Users\91817\AppData\Local\Microsoft\WindowsApps;;C:\IdemiaL1RdService\RDService;C:\IdemiaL1RdService\RDService;C:\IdemiaL1RdService\RDService;C:\Users\91817\AppData\Roaming\npm;C:\Users\91817\AppData\Local\Programs\Microsoft VS Code\bin;C:\Users\91817\AppData\Local\Python\bin
USERNAME=91817
OS=Windows_NT
PROCESSOR_IDENTIFIER=Intel64 Family 6 Model 126 Stepping 5, GenuineIntel
TMP=C:\Users\91817\AppData\Local\Temp
TEMP=C:\Users\91817\AppData\Local\Temp




Periodic native trim disabled

---------------  S Y S T E M  ---------------

OS:
 Windows 11 , 64 bit Build 22621 (10.0.22621.5415)
OS uptime: 2 days 19:13 hours

CPU: total 4 (initial active 4) (2 cores per cpu, 2 threads per core) family 6 model 126 stepping 5 microcode 0xa8, cx8, cmov, fxsr, ht, mmx, 3dnowpref, sse, sse2, sse3, ssse3, sse4.1, sse4.2, popcnt, lzcnt, tsc, tscinvbit, avx, avx2, aes, erms, clmul, bmi1, bmi2, adx, avx512f, avx512dq, avx512cd, avx512bw, avx512vl, sha, fma, vzeroupper, avx512_vpopcntdq, avx512_vpclmulqdq, avx512_vaes, avx512_vnni, clflush, clflushopt, avx512_vbmi2, avx512_vbmi, rdtscp, rdpid, fsrm, gfni, avx512_bitalg, f16c, pku, avx512_ifma
Processor Information for the first 4 processors :
  Max Mhz: 1190, Current Mhz: 1190, Mhz Limit: 1190

Memory: 4k page, system-wide physical 7930M (969M free)
TotalPageFile size 10414M (AvailPageFile size 5M)
current process WorkingSet (physical memory assigned to process): 217M, peak: 218M
current process commit charge ("private bytes"): 317M, peak: 318M

vm_info: OpenJDK 64-Bit Server VM (21.0.10+7-LTS) for windows-amd64 JRE (21.0.10+7-LTS), built on 2026-01-20T00:00:00Z by "admin" with MS VC++ 17.12 (VS2022)

END.
